c:\users\matte\source\repos\gym\gym\x64\release\gym.pch
c:\users\matte\source\repos\gym\gym\x64\release\vc142.pdb
c:\users\matte\source\repos\gym\gym\x64\release\pch.obj
c:\users\matte\source\repos\gym\gym\x64\release\user.obj
c:\users\matte\source\repos\gym\gym\x64\release\membership.obj
c:\users\matte\source\repos\gym\gym\x64\release\istruttore.obj
c:\users\matte\source\repos\gym\gym\x64\release\db.obj
c:\users\matte\source\repos\gym\gym\x64\release\corso.obj
c:\users\matte\source\repos\gym\gym\x64\release\admin.obj
c:\users\matte\source\repos\gym\gym\x64\release\dllmain.obj
c:\users\diego\desktop\nuova cartella\gym\gym\x64\release\gym.pch
c:\users\diego\desktop\nuova cartella\gym\gym\x64\release\vc142.pdb
c:\users\diego\desktop\nuova cartella\gym\gym\x64\release\pch.obj
c:\users\diego\desktop\nuova cartella\gym\gym\x64\release\user.obj
c:\users\diego\desktop\nuova cartella\gym\gym\x64\release\membership.obj
c:\users\diego\desktop\nuova cartella\gym\gym\x64\release\istruttore.obj
c:\users\diego\desktop\nuova cartella\gym\gym\x64\release\dllmain.obj
c:\users\diego\desktop\nuova cartella\gym\gym\x64\release\db.obj
c:\users\diego\desktop\nuova cartella\gym\gym\x64\release\corso.obj
c:\users\diego\desktop\nuova cartella\gym\gym\x64\release\admin.obj
c:\users\matte\source\repos\gym\x64\release\gym.lib
c:\users\matte\source\repos\gym\x64\release\gym.exp
c:\users\matte\source\repos\gym\x64\release\gym.ipdb
c:\users\matte\source\repos\gym\x64\release\gym.iobj
c:\users\matte\source\repos\gym\x64\release\gym.dll
c:\users\matte\source\repos\gym\x64\release\gym.pdb
c:\users\diego\desktop\nuova cartella\gym\x64\release\gym.pdb
c:\users\diego\desktop\nuova cartella\gym\gym\x64\release\gym.tlog\cl.command.1.tlog
c:\users\diego\desktop\nuova cartella\gym\gym\x64\release\gym.tlog\cl.read.1.tlog
c:\users\diego\desktop\nuova cartella\gym\gym\x64\release\gym.tlog\cl.write.1.tlog
c:\users\diego\desktop\nuova cartella\gym\gym\x64\release\gym.tlog\gym.write.1u.tlog
c:\users\diego\desktop\nuova cartella\gym\gym\x64\release\gym.tlog\link.command.1.tlog
c:\users\diego\desktop\nuova cartella\gym\gym\x64\release\gym.tlog\link.read.1.tlog
c:\users\diego\desktop\nuova cartella\gym\gym\x64\release\gym.tlog\link.write.1.tlog
